{"C:\\Users\\leolu\\Desktop\\Projects\\autoRenamer\\src\\CompressFile.ts": {"path":"C:\\Users\\leolu\\Desktop\\Projects\\autoRenamer\\src\\CompressFile.ts","statementMap":{"0":{"start":{"line":2,"column":2},"end":{"line":2,"column":24}},"1":{"start":{"line":5,"column":9},"end":{"line":5,"column":21}}},"fnMap":{"0":{"name":"compressFile","decl":{"start":{"line":1,"column":9},"end":{"line":1,"column":21}},"loc":{"start":{"line":1,"column":21},"end":{"line":3,"column":1}}}},"branchMap":{},"s":{"0":0,"1":0},"f":{"0":0},"b":{}}
,"C:\\Users\\leolu\\Desktop\\Projects\\autoRenamer\\src\\index.ts": {"path":"C:\\Users\\leolu\\Desktop\\Projects\\autoRenamer\\src\\index.ts","statementMap":{"0":{"start":{"line":1,"column":0},"end":{"line":1,"column":46}},"1":{"start":{"line":3,"column":0},"end":{"line":3,"column":15}}},"fnMap":{},"branchMap":{},"s":{"0":0,"1":0},"f":{},"b":{}}
}
